0 info it worked if it ends with ok
1 verbose cli [ '/usr/bin/nodejs',
1 verbose cli   '/usr/bin/npm',
1 verbose cli   'install',
1 verbose cli   '-g',
1 verbose cli   'express-generator@4' ]
2 info using npm@2.15.5
3 info using node@v4.4.5
4 verbose install initial load of /usr/lib/package.json
5 verbose readDependencies loading dependencies from /usr/lib/package.json
6 silly cache add args [ 'express-generator@4', null ]
7 verbose cache add spec express-generator@4
8 silly cache add parsed spec Result {
8 silly cache add   raw: 'express-generator@4',
8 silly cache add   scope: null,
8 silly cache add   name: 'express-generator',
8 silly cache add   rawSpec: '4',
8 silly cache add   spec: '>=4.0.0 <5.0.0',
8 silly cache add   type: 'range' }
9 silly addNamed express-generator@>=4.0.0 <5.0.0
10 verbose addNamed ">=4.0.0 <5.0.0" is a valid semver range for express-generator
11 silly addNameRange { name: 'express-generator',
11 silly addNameRange   range: '>=4.0.0 <5.0.0',
11 silly addNameRange   hasData: false }
12 silly mapToRegistry name express-generator
13 silly mapToRegistry using default registry
14 silly mapToRegistry registry https://registry.npmjs.org/
15 silly mapToRegistry data Result {
15 silly mapToRegistry   raw: 'express-generator',
15 silly mapToRegistry   scope: null,
15 silly mapToRegistry   name: 'express-generator',
15 silly mapToRegistry   rawSpec: '',
15 silly mapToRegistry   spec: 'latest',
15 silly mapToRegistry   type: 'tag' }
16 silly mapToRegistry uri https://registry.npmjs.org/express-generator
17 verbose addNameRange registry:https://registry.npmjs.org/express-generator not in flight; fetching
18 verbose request uri https://registry.npmjs.org/express-generator
19 verbose request no auth needed
20 info attempt registry request try #1 at 2:56:15 PM
21 verbose request id 3c6fdac50f099d34
22 http request GET https://registry.npmjs.org/express-generator
23 http 200 https://registry.npmjs.org/express-generator
24 verbose headers { server: 'CouchDB/1.5.0 (Erlang OTP/R16B03)',
24 verbose headers   etag: '"5XLG7OBMVG0D6N5DH63G6R6SV"',
24 verbose headers   'content-type': 'application/json',
24 verbose headers   'content-encoding': 'gzip',
24 verbose headers   'cache-control': 'max-age=300',
24 verbose headers   'content-length': '4379',
24 verbose headers   'accept-ranges': 'bytes',
24 verbose headers   date: 'Fri, 10 Jun 2016 07:56:15 GMT',
24 verbose headers   via: '1.1 varnish',
24 verbose headers   age: '103',
24 verbose headers   connection: 'keep-alive',
24 verbose headers   'x-served-by': 'cache-sin6924-SIN',
24 verbose headers   'x-cache': 'HIT',
24 verbose headers   'x-cache-hits': '1',
24 verbose headers   'x-timer': 'S1465545375.756687,VS0,VE0',
24 verbose headers   vary: 'Accept-Encoding' }
25 silly get cb [ 200,
25 silly get   { server: 'CouchDB/1.5.0 (Erlang OTP/R16B03)',
25 silly get     etag: '"5XLG7OBMVG0D6N5DH63G6R6SV"',
25 silly get     'content-type': 'application/json',
25 silly get     'content-encoding': 'gzip',
25 silly get     'cache-control': 'max-age=300',
25 silly get     'content-length': '4379',
25 silly get     'accept-ranges': 'bytes',
25 silly get     date: 'Fri, 10 Jun 2016 07:56:15 GMT',
25 silly get     via: '1.1 varnish',
25 silly get     age: '103',
25 silly get     connection: 'keep-alive',
25 silly get     'x-served-by': 'cache-sin6924-SIN',
25 silly get     'x-cache': 'HIT',
25 silly get     'x-cache-hits': '1',
25 silly get     'x-timer': 'S1465545375.756687,VS0,VE0',
25 silly get     vary: 'Accept-Encoding' } ]
26 verbose get saving express-generator to /home/t-arianto.wibowo/.npm/registry.npmjs.org/express-generator/.cache.json
27 verbose correctMkdir /home/t-arianto.wibowo/.npm correctMkdir not in flight; initializing
28 silly addNameRange number 2 { name: 'express-generator',
28 silly addNameRange   range: '>=4.0.0 <5.0.0',
28 silly addNameRange   hasData: true }
29 silly addNameRange versions [ 'express-generator',
29 silly addNameRange   [ '1.0.0',
29 silly addNameRange     '3.0.0',
29 silly addNameRange     '4.0.0',
29 silly addNameRange     '4.2.0',
29 silly addNameRange     '4.8.0',
29 silly addNameRange     '4.9.0',
29 silly addNameRange     '4.10.0',
29 silly addNameRange     '4.11.0',
29 silly addNameRange     '4.11.1',
29 silly addNameRange     '4.11.2',
29 silly addNameRange     '4.12.0',
29 silly addNameRange     '4.12.1',
29 silly addNameRange     '4.12.4',
29 silly addNameRange     '4.13.0',
29 silly addNameRange     '4.13.1' ] ]
30 silly addNamed express-generator@4.13.1
31 verbose addNamed "4.13.1" is a plain semver version for express-generator
32 silly mapToRegistry name express-generator
33 silly mapToRegistry using default registry
34 silly mapToRegistry registry https://registry.npmjs.org/
35 silly mapToRegistry data Result {
35 silly mapToRegistry   raw: 'express-generator',
35 silly mapToRegistry   scope: null,
35 silly mapToRegistry   name: 'express-generator',
35 silly mapToRegistry   rawSpec: '',
35 silly mapToRegistry   spec: 'latest',
35 silly mapToRegistry   type: 'tag' }
36 silly mapToRegistry uri https://registry.npmjs.org/express-generator
37 verbose addRemoteTarball https://registry.npmjs.org/express-generator/-/express-generator-4.13.1.tgz not in flight; adding
38 verbose addRemoteTarball [ 'https://registry.npmjs.org/express-generator/-/express-generator-4.13.1.tgz',
38 verbose addRemoteTarball   '58351b31f0c7da770c2872bf2a50b9e9359f9968' ]
39 info retry fetch attempt 1 at 2:56:15 PM
40 info attempt registry request try #1 at 2:56:15 PM
41 http fetch GET https://registry.npmjs.org/express-generator/-/express-generator-4.13.1.tgz
42 http fetch 200 https://registry.npmjs.org/express-generator/-/express-generator-4.13.1.tgz
43 silly fetchAndShaCheck shasum 58351b31f0c7da770c2872bf2a50b9e9359f9968
44 verbose addTmpTarball /tmp/npm-24483-b34f9247/registry.npmjs.org/express-generator/-/express-generator-4.13.1.tgz not in flight; adding
45 verbose addTmpTarball already have metadata; skipping unpack for express-generator@4.13.1
46 verbose correctMkdir /home/t-arianto.wibowo/.npm correctMkdir not in flight; initializing
47 silly cache afterAdd express-generator@4.13.1
48 verbose afterAdd /home/t-arianto.wibowo/.npm/express-generator/4.13.1/package/package.json not in flight; writing
49 verbose correctMkdir /home/t-arianto.wibowo/.npm correctMkdir not in flight; initializing
50 verbose afterAdd /home/t-arianto.wibowo/.npm/express-generator/4.13.1/package/package.json written
51 silly install resolved [ { name: 'express-generator',
51 silly install resolved     description: 'Express\' application generator',
51 silly install resolved     version: '4.13.1',
51 silly install resolved     author: { name: 'TJ Holowaychuk', email: 'tj@vision-media.ca' },
51 silly install resolved     contributors: [ [Object], [Object], [Object], [Object], [Object], [Object] ],
51 silly install resolved     keywords:
51 silly install resolved      [ 'express',
51 silly install resolved        'framework',
51 silly install resolved        'sinatra',
51 silly install resolved        'web',
51 silly install resolved        'rest',
51 silly install resolved        'restful',
51 silly install resolved        'router',
51 silly install resolved        'app',
51 silly install resolved        'api' ],
51 silly install resolved     repository: { type: 'git', url: 'https://github.com/expressjs/generator' },
51 silly install resolved     license: 'MIT',
51 silly install resolved     dependencies: { commander: '2.7.1', mkdirp: '0.5.1', 'sorted-object': '1.0.0' },
51 silly install resolved     main: 'bin/express',
51 silly install resolved     preferGlobal: true,
51 silly install resolved     bin: { express: './bin/express' },
51 silly install resolved     devDependencies: { mocha: '2.2.5', rimraf: '~2.2.8', supertest: '1.0.1' },
51 silly install resolved     engines: { node: '>= 0.10' },
51 silly install resolved     files: [ 'LICENSE', 'bin/', 'templates/' ],
51 silly install resolved     scripts:
51 silly install resolved      { test: 'mocha --reporter spec --bail --check-leaks test/',
51 silly install resolved        'test-ci': 'mocha --reporter spec --check-leaks test/' },
51 silly install resolved     gitHead: '4936300029c48655cadca63d063560f67f28c79e',
51 silly install resolved     bugs: { url: 'https://github.com/expressjs/generator/issues' },
51 silly install resolved     homepage: 'https://github.com/expressjs/generator',
51 silly install resolved     _id: 'express-generator@4.13.1',
51 silly install resolved     _shasum: '58351b31f0c7da770c2872bf2a50b9e9359f9968',
51 silly install resolved     _from: 'express-generator@>=4.0.0 <5.0.0',
51 silly install resolved     _npmVersion: '1.4.28',
51 silly install resolved     _npmUser: { name: 'dougwilson', email: 'doug@somethingdoug.com' },
51 silly install resolved     maintainers: [ [Object], [Object], [Object], [Object], [Object], [Object] ],
51 silly install resolved     dist:
51 silly install resolved      { shasum: '58351b31f0c7da770c2872bf2a50b9e9359f9968',
51 silly install resolved        tarball: 'https://registry.npmjs.org/express-generator/-/express-generator-4.13.1.tgz' },
51 silly install resolved     directories: {},
51 silly install resolved     _resolved: 'https://registry.npmjs.org/express-generator/-/express-generator-4.13.1.tgz' } ]
52 info install express-generator@4.13.1 into /usr/lib
53 info installOne express-generator@4.13.1
54 verbose installOne of express-generator to /usr/lib not in flight; installing
55 verbose correctMkdir /home/t-arianto.wibowo/.npm/_locks correctMkdir not in flight; initializing
56 verbose lock using /home/t-arianto.wibowo/.npm/_locks/express-generator-981ece2c3651799f.lock for /usr/lib/node_modules/express-generator
57 silly install write writing express-generator 4.13.1 to /usr/lib/node_modules/express-generator
58 verbose unbuild lib/node_modules/express-generator
59 silly gentlyRm /usr/lib/node_modules/express-generator is being purged from base /usr
60 verbose gentlyRm don't care about contents; nuking /usr/lib/node_modules/express-generator
61 verbose tar unpack /home/t-arianto.wibowo/.npm/express-generator/4.13.1/package.tgz
62 verbose tar unpacking to /usr/lib/node_modules/express-generator
63 silly gentlyRm /usr/lib/node_modules/express-generator is being purged
64 verbose gentlyRm don't care about contents; nuking /usr/lib/node_modules/express-generator
65 silly gunzTarPerm modes [ '775', '664' ]
66 error tar.unpack untar error /home/t-arianto.wibowo/.npm/express-generator/4.13.1/package.tgz
67 verbose unlock done using /home/t-arianto.wibowo/.npm/_locks/express-generator-981ece2c3651799f.lock for /usr/lib/node_modules/express-generator
68 verbose fstream_path /usr/lib/node_modules/express-generator
69 verbose fstream_type Directory
70 verbose fstream_class DirWriter
71 verbose stack Error: EACCES: permission denied, mkdir '/usr/lib/node_modules/express-generator'
71 verbose stack     at Error (native)
72 verbose fstream_stack /usr/lib/node_modules/npm/node_modules/fstream/lib/dir-writer.js:35:25
72 verbose fstream_stack /usr/lib/node_modules/npm/node_modules/mkdirp/index.js:47:53
72 verbose fstream_stack FSReqWrap.oncomplete (fs.js:82:15)
73 verbose cwd /home/t-arianto.wibowo/SaleStock
74 error Linux 4.2.0-36-generic
75 error argv "/usr/bin/nodejs" "/usr/bin/npm" "install" "-g" "express-generator@4"
76 error node v4.4.5
77 error npm  v2.15.5
78 error path /usr/lib/node_modules/express-generator
79 error code EACCES
80 error errno -13
81 error syscall mkdir
82 error Error: EACCES: permission denied, mkdir '/usr/lib/node_modules/express-generator'
82 error     at Error (native)
82 error  { [Error: EACCES: permission denied, mkdir '/usr/lib/node_modules/express-generator']
82 error   errno: -13,
82 error   code: 'EACCES',
82 error   syscall: 'mkdir',
82 error   path: '/usr/lib/node_modules/express-generator',
82 error   fstream_type: 'Directory',
82 error   fstream_path: '/usr/lib/node_modules/express-generator',
82 error   fstream_class: 'DirWriter',
82 error   fstream_stack:
82 error    [ '/usr/lib/node_modules/npm/node_modules/fstream/lib/dir-writer.js:35:25',
82 error      '/usr/lib/node_modules/npm/node_modules/mkdirp/index.js:47:53',
82 error      'FSReqWrap.oncomplete (fs.js:82:15)' ] }
83 error Please try running this command again as root/Administrator.
84 verbose exit [ -13, true ]
85 verbose unbuild lib/node_modules/express-generator
86 silly gentlyRm /usr/lib/node_modules/express-generator is being purged from base /usr
87 verbose gentlyRm don't care about contents; nuking /usr/lib/node_modules/express-generator
